==251169== Memcheck, a memory error detector
==251169== Copyright (C) 2002-2017, and GNU GPL'd, by Julian Seward et al.
==251169== Using Valgrind-3.18.1 and LibVEX; rerun with -h for copyright info
==251169== Command: ./a.out
==251169== 
==251169== 
==251169== Process terminating with default action of signal 2 (SIGINT)
==251169==    at 0x4CBAA35: write (write.c:26)
==251169==    by 0x4C30F6C: _IO_file_write@@GLIBC_2.2.5 (fileops.c:1180)
==251169==    by 0x4C32A60: new_do_write (fileops.c:448)
==251169==    by 0x4C32A60: _IO_new_do_write (fileops.c:425)
==251169==    by 0x4C32A60: _IO_do_write@@GLIBC_2.2.5 (fileops.c:422)
==251169==    by 0x4C32F42: _IO_file_overflow@@GLIBC_2.2.5 (fileops.c:783)
==251169==    by 0x49B1239: std::ostream::put(char) (in /usr/lib/x86_64-linux-gnu/libstdc++.so.6.0.30)
==251169==    by 0x49B17E2: std::basic_ostream<char, std::char_traits<char> >& std::endl<char, std::char_traits<char> >(std::basic_ostream<char, std::char_traits<char> >&) (in /usr/lib/x86_64-linux-gnu/libstdc++.so.6.0.30)
==251169==    by 0x40187B: main (rite.cpp:33)
==251169== 
==251169== HEAP SUMMARY:
==251169==     in use at exit: 74,088 bytes in 13 blocks
==251169==   total heap usage: 13 allocs, 0 frees, 74,088 bytes allocated
==251169== 
==251169== LEAK SUMMARY:
==251169==    definitely lost: 0 bytes in 0 blocks
==251169==    indirectly lost: 0 bytes in 0 blocks
==251169==      possibly lost: 0 bytes in 0 blocks
==251169==    still reachable: 74,088 bytes in 13 blocks
==251169==         suppressed: 0 bytes in 0 blocks
==251169== Rerun with --leak-check=full to see details of leaked memory
==251169== 
==251169== For lists of detected and suppressed errors, rerun with: -s
==251169== ERROR SUMMARY: 0 errors from 0 contexts (suppressed: 0 from 0)
